<?xml version="1.0" encoding="UTF-8"?>
<testng-results skipped="0" failed="0" ignored="0" total="1" passed="1">
  <reporter-output>
  </reporter-output>
  <suite name="Default suite" duration-ms="22" started-at="2018-05-11T04:59:17Z" finished-at="2018-05-11T04:59:17Z">
    <groups>
    </groups>
    <test name="Default test" duration-ms="22" started-at="2018-05-11T04:59:17Z" finished-at="2018-05-11T04:59:17Z">
      <class name="Demo.DemoA">
        <test-method status="PASS" signature="printA()[pri:0, instance:Demo.DemoA@d992b2]" name="printA" duration-ms="7" started-at="2018-05-11T04:59:17Z" finished-at="2018-05-11T04:59:17Z">
          <reporter-output>
          </reporter-output>
        </test-method> <!-- printA -->
      </class> <!-- Demo.DemoA -->
    </test> <!-- Default test -->
  </suite> <!-- Default suite -->
</testng-results>
